{"level":"\u001b[32minfo\u001b[39m","message":"{\"method\":\"GET\",\"url\":\"/api/v1/users/checkAuth\",\"status\":\"400\",\"responseTime\":\"4.310\"}","timestamp":"2025-03-21T17:23:35.227Z"}
{"level":"\u001b[32minfo\u001b[39m","message":"{\"method\":\"GET\",\"url\":\"/api/v1/users/checkAuth\",\"status\":\"400\",\"responseTime\":\"1.588\"}","timestamp":"2025-03-21T17:23:35.241Z"}
{"level":"\u001b[32minfo\u001b[39m","message":"{\"method\":\"POST\",\"url\":\"/api/v1/users/signup\",\"status\":\"400\",\"responseTime\":\"135.696\"}","timestamp":"2025-03-21T17:23:42.146Z"}
{"level":"\u001b[32minfo\u001b[39m","message":"{\"method\":\"POST\",\"url\":\"/api/v1/users/signup\",\"status\":\"200\",\"responseTime\":\"5221.902\"}","timestamp":"2025-03-21T17:24:00.574Z"}
{"level":"\u001b[32minfo\u001b[39m","message":"{\"method\":\"POST\",\"url\":\"/api/v1/users/verifyemail\",\"status\":\"200\",\"responseTime\":\"5037.398\"}","timestamp":"2025-03-21T17:24:16.241Z"}
{"level":"\u001b[32minfo\u001b[39m","message":"{\"method\":\"POST\",\"url\":\"/api/v1/users/login\",\"status\":\"400\",\"responseTime\":\"211.805\"}","timestamp":"2025-03-21T17:24:41.736Z"}
{"level":"\u001b[32minfo\u001b[39m","message":"{\"method\":\"POST\",\"url\":\"/api/v1/users/login\",\"status\":\"200\",\"responseTime\":\"467.873\"}","timestamp":"2025-03-21T17:24:48.699Z"}
{"level":"\u001b[32minfo\u001b[39m","message":"{\"method\":\"GET\",\"url\":\"/api/v1/users/logout\",\"status\":\"304\",\"responseTime\":\"1.301\"}","timestamp":"2025-03-21T17:24:52.120Z"}
{"level":"\u001b[32minfo\u001b[39m","message":"{\"method\":\"GET\",\"url\":\"/api/v1/users/checkAuth\",\"status\":\"400\",\"responseTime\":\"0.944\"}","timestamp":"2025-03-21T17:30:04.180Z"}
{"level":"\u001b[32minfo\u001b[39m","message":"{\"method\":\"GET\",\"url\":\"/api/v1/users/checkAuth\",\"status\":\"400\",\"responseTime\":\"0.620\"}","timestamp":"2025-03-21T17:30:04.185Z"}
{"level":"\u001b[32minfo\u001b[39m","message":"{\"method\":\"GET\",\"url\":\"/api/v1/users/checkAuth\",\"status\":\"400\",\"responseTime\":\"0.696\"}","timestamp":"2025-03-21T18:00:50.176Z"}
{"level":"\u001b[32minfo\u001b[39m","message":"{\"method\":\"GET\",\"url\":\"/api/v1/users/checkAuth\",\"status\":\"400\",\"responseTime\":\"0.328\"}","timestamp":"2025-03-21T18:00:50.179Z"}
{"level":"\u001b[32minfo\u001b[39m","message":"{\"method\":\"GET\",\"url\":\"/api/v1/users/checkAuth\",\"status\":\"400\",\"responseTime\":\"0.602\"}","timestamp":"2025-03-21T18:00:50.250Z"}
{"level":"\u001b[32minfo\u001b[39m","message":"{\"method\":\"GET\",\"url\":\"/api/v1/users/checkAuth\",\"status\":\"400\",\"responseTime\":\"0.642\"}","timestamp":"2025-03-21T18:00:50.253Z"}
{"level":"\u001b[32minfo\u001b[39m","message":"{\"method\":\"GET\",\"url\":\"/api/v1/users/checkAuth\",\"status\":\"400\",\"responseTime\":\"0.441\"}","timestamp":"2025-03-21T18:00:54.362Z"}
{"level":"\u001b[32minfo\u001b[39m","message":"{\"method\":\"GET\",\"url\":\"/api/v1/users/checkAuth\",\"status\":\"400\",\"responseTime\":\"0.504\"}","timestamp":"2025-03-21T18:00:54.366Z"}
{"level":"\u001b[32minfo\u001b[39m","message":"{\"method\":\"GET\",\"url\":\"/api/v1/users/checkAuth\",\"status\":\"400\",\"responseTime\":\"0.906\"}","timestamp":"2025-03-21T18:00:54.399Z"}
{"level":"\u001b[32minfo\u001b[39m","message":"{\"method\":\"GET\",\"url\":\"/api/v1/users/checkAuth\",\"status\":\"400\",\"responseTime\":\"0.516\"}","timestamp":"2025-03-21T18:00:54.403Z"}
{"level":"\u001b[32minfo\u001b[39m","message":"{\"method\":\"GET\",\"url\":\"/api/v1/users/checkAuth\",\"status\":\"400\",\"responseTime\":\"0.806\"}","timestamp":"2025-03-21T18:04:19.912Z"}
{"level":"\u001b[32minfo\u001b[39m","message":"{\"method\":\"GET\",\"url\":\"/api/v1/users/checkAuth\",\"status\":\"400\",\"responseTime\":\"0.618\"}","timestamp":"2025-03-21T18:04:19.917Z"}
{"level":"\u001b[32minfo\u001b[39m","message":"{\"method\":\"GET\",\"url\":\"/api/v1/users/checkAuth\",\"status\":\"400\",\"responseTime\":\"0.903\"}","timestamp":"2025-03-21T18:04:19.922Z"}
{"level":"\u001b[32minfo\u001b[39m","message":"{\"method\":\"GET\",\"url\":\"/api/v1/users/checkAuth\",\"status\":\"400\",\"responseTime\":\"0.574\"}","timestamp":"2025-03-21T18:04:19.926Z"}
{"level":"\u001b[32minfo\u001b[39m","message":"{\"method\":\"GET\",\"url\":\"/api/v1/users/checkAuth\",\"status\":\"400\",\"responseTime\":\"0.575\"}","timestamp":"2025-03-21T18:04:22.619Z"}
{"level":"\u001b[32minfo\u001b[39m","message":"{\"method\":\"GET\",\"url\":\"/api/v1/users/checkAuth\",\"status\":\"400\",\"responseTime\":\"0.443\"}","timestamp":"2025-03-21T18:04:22.623Z"}
{"level":"\u001b[32minfo\u001b[39m","message":"{\"method\":\"GET\",\"url\":\"/api/v1/users/checkAuth\",\"status\":\"400\",\"responseTime\":\"0.484\"}","timestamp":"2025-03-21T18:04:22.626Z"}
{"level":"\u001b[32minfo\u001b[39m","message":"{\"method\":\"GET\",\"url\":\"/api/v1/users/checkAuth\",\"status\":\"400\",\"responseTime\":\"0.411\"}","timestamp":"2025-03-21T18:04:22.629Z"}
{"level":"\u001b[32minfo\u001b[39m","message":"{\"method\":\"GET\",\"url\":\"/api/v1/users/checkAuth\",\"status\":\"400\",\"responseTime\":\"0.340\"}","timestamp":"2025-03-21T18:04:28.955Z"}
{"level":"\u001b[32minfo\u001b[39m","message":"{\"method\":\"GET\",\"url\":\"/api/v1/users/checkAuth\",\"status\":\"400\",\"responseTime\":\"0.798\"}","timestamp":"2025-03-21T18:04:28.961Z"}
{"level":"\u001b[32minfo\u001b[39m","message":"{\"method\":\"GET\",\"url\":\"/api/v1/users/checkAuth\",\"status\":\"400\",\"responseTime\":\"0.431\"}","timestamp":"2025-03-21T18:04:28.965Z"}
{"level":"\u001b[32minfo\u001b[39m","message":"{\"method\":\"GET\",\"url\":\"/api/v1/users/checkAuth\",\"status\":\"400\",\"responseTime\":\"0.922\"}","timestamp":"2025-03-21T18:04:28.970Z"}
{"level":"\u001b[32minfo\u001b[39m","message":"{\"method\":\"GET\",\"url\":\"/api/v1/users/checkAuth\",\"status\":\"400\",\"responseTime\":\"0.375\"}","timestamp":"2025-03-21T18:04:36.534Z"}
{"level":"\u001b[32minfo\u001b[39m","message":"{\"method\":\"GET\",\"url\":\"/api/v1/users/checkAuth\",\"status\":\"400\",\"responseTime\":\"0.641\"}","timestamp":"2025-03-21T18:04:36.538Z"}
{"level":"\u001b[32minfo\u001b[39m","message":"{\"method\":\"GET\",\"url\":\"/api/v1/users/checkAuth\",\"status\":\"400\",\"responseTime\":\"0.557\"}","timestamp":"2025-03-21T18:04:36.542Z"}
{"level":"\u001b[32minfo\u001b[39m","message":"{\"method\":\"GET\",\"url\":\"/api/v1/users/checkAuth\",\"status\":\"400\",\"responseTime\":\"0.572\"}","timestamp":"2025-03-21T18:04:36.546Z"}
{"level":"\u001b[32minfo\u001b[39m","message":"{\"method\":\"GET\",\"url\":\"/api/v1/users/checkAuth\",\"status\":\"400\",\"responseTime\":\"0.532\"}","timestamp":"2025-03-21T18:04:42.908Z"}
{"level":"\u001b[32minfo\u001b[39m","message":"{\"method\":\"GET\",\"url\":\"/api/v1/users/checkAuth\",\"status\":\"400\",\"responseTime\":\"0.569\"}","timestamp":"2025-03-21T18:04:42.914Z"}
{"level":"\u001b[32minfo\u001b[39m","message":"{\"method\":\"GET\",\"url\":\"/api/v1/users/checkAuth\",\"status\":\"400\",\"responseTime\":\"0.640\"}","timestamp":"2025-03-21T18:04:42.918Z"}
{"level":"\u001b[32minfo\u001b[39m","message":"{\"method\":\"GET\",\"url\":\"/api/v1/users/checkAuth\",\"status\":\"400\",\"responseTime\":\"0.403\"}","timestamp":"2025-03-21T18:04:42.921Z"}
{"level":"\u001b[32minfo\u001b[39m","message":"{\"method\":\"GET\",\"url\":\"/api/v1/users/checkAuth\",\"status\":\"400\",\"responseTime\":\"0.489\"}","timestamp":"2025-03-21T18:04:46.634Z"}
{"level":"\u001b[32minfo\u001b[39m","message":"{\"method\":\"GET\",\"url\":\"/api/v1/users/checkAuth\",\"status\":\"400\",\"responseTime\":\"0.356\"}","timestamp":"2025-03-21T18:04:46.639Z"}
{"level":"\u001b[32minfo\u001b[39m","message":"{\"method\":\"GET\",\"url\":\"/api/v1/users/checkAuth\",\"status\":\"400\",\"responseTime\":\"0.410\"}","timestamp":"2025-03-21T18:04:46.643Z"}
{"level":"\u001b[32minfo\u001b[39m","message":"{\"method\":\"GET\",\"url\":\"/api/v1/users/checkAuth\",\"status\":\"400\",\"responseTime\":\"0.332\"}","timestamp":"2025-03-21T18:04:46.646Z"}
{"level":"\u001b[32minfo\u001b[39m","message":"{\"method\":\"GET\",\"url\":\"/api/v1/users/checkAuth\",\"status\":\"400\",\"responseTime\":\"0.370\"}","timestamp":"2025-03-21T18:04:47.811Z"}
{"level":"\u001b[32minfo\u001b[39m","message":"{\"method\":\"GET\",\"url\":\"/api/v1/users/checkAuth\",\"status\":\"400\",\"responseTime\":\"0.508\"}","timestamp":"2025-03-21T18:04:47.815Z"}
{"level":"\u001b[32minfo\u001b[39m","message":"{\"method\":\"GET\",\"url\":\"/api/v1/users/checkAuth\",\"status\":\"400\",\"responseTime\":\"0.501\"}","timestamp":"2025-03-21T18:04:47.823Z"}
{"level":"\u001b[32minfo\u001b[39m","message":"{\"method\":\"GET\",\"url\":\"/api/v1/users/checkAuth\",\"status\":\"400\",\"responseTime\":\"0.335\"}","timestamp":"2025-03-21T18:04:47.826Z"}
{"level":"\u001b[32minfo\u001b[39m","message":"{\"method\":\"GET\",\"url\":\"/api/v1/users/checkAuth\",\"status\":\"400\",\"responseTime\":\"1.050\"}","timestamp":"2025-03-21T18:04:49.891Z"}
{"level":"\u001b[32minfo\u001b[39m","message":"{\"method\":\"GET\",\"url\":\"/api/v1/users/checkAuth\",\"status\":\"400\",\"responseTime\":\"1.601\"}","timestamp":"2025-03-21T18:04:49.898Z"}
{"level":"\u001b[32minfo\u001b[39m","message":"{\"method\":\"GET\",\"url\":\"/api/v1/users/checkAuth\",\"status\":\"400\",\"responseTime\":\"0.745\"}","timestamp":"2025-03-21T18:04:49.911Z"}
{"level":"\u001b[32minfo\u001b[39m","message":"{\"method\":\"GET\",\"url\":\"/api/v1/users/checkAuth\",\"status\":\"400\",\"responseTime\":\"0.564\"}","timestamp":"2025-03-21T18:04:49.915Z"}
